# JRE version: OpenJDK Runtime Environment (11.0.21+9) (build 11.0.21+9-post-Ubuntu-0ubuntu122.04)
# Java VM: OpenJDK 64-Bit Server VM (11.0.21+9-post-Ubuntu-0ubuntu122.04, mixed mode, sharing, tiered, compressed oops, g1 gc, linux-amd64)
Heap:
 garbage-first heap   total 122880K, used 28368K [0x00000000a3800000, 0x0000000100000000)
  region size 1024K, 15 young (15360K), 5 survivors (5120K)
 Metaspace       used 27175K, capacity 28101K, committed 28288K, reserved 1075200K
  class space    used 3109K, capacity 3443K, committed 3456K, reserved 1048576K
GC Heap History (10 events):
Event: 3.405 GC heap before
{Heap before GC invocations=0 (full 0):
 garbage-first heap   total 98304K, used 24272K [0x00000000a3800000, 0x0000000100000000)
  region size 1024K, 24 young (24576K), 0 survivors (0K)
 Metaspace       used 5216K, capacity 7840K, committed 8064K, reserved 1056768K
  class space    used 615K, capacity 893K, committed 896K, reserved 1048576K
}
Event: 3.462 GC heap after
{Heap after GC invocations=1 (full 0):
 garbage-first heap   total 98304K, used 3696K [0x00000000a3800000, 0x0000000100000000)
  region size 1024K, 3 young (3072K), 3 survivors (3072K)
 Metaspace       used 5216K, capacity 7840K, committed 8064K, reserved 1056768K
  class space    used 615K, capacity 893K, committed 896K, reserved 1048576K
}
Event: 7.668 GC heap before
{Heap before GC invocations=1 (full 0):
 garbage-first heap   total 98304K, used 57968K [0x00000000a3800000, 0x0000000100000000)
  region size 1024K, 56 young (57344K), 3 survivors (3072K)
 Metaspace       used 13408K, capacity 14952K, committed 15232K, reserved 1062912K
  class space    used 1559K, capacity 1795K, committed 1920K, reserved 1048576K
}
Event: 7.730 GC heap after
{Heap after GC invocations=2 (full 0):
 garbage-first heap   total 98304K, used 7263K [0x00000000a3800000, 0x0000000100000000)
  region size 1024K, 7 young (7168K), 7 survivors (7168K)
 Metaspace       used 13408K, capacity 14952K, committed 15232K, reserved 1062912K
  class space    used 1559K, capacity 1795K, committed 1920K, reserved 1048576K
}
Event: 11.479 GC heap before
{Heap before GC invocations=2 (full 0):
 garbage-first heap   total 98304K, used 53343K [0x00000000a3800000, 0x0000000100000000)
  region size 1024K, 53 young (54272K), 7 survivors (7168K)
 Metaspace       used 19880K, capacity 20979K, committed 21248K, reserved 1069056K
  class space    used 2314K, capacity 2535K, committed 2560K, reserved 1048576K
}
Event: 11.588 GC heap after
{Heap after GC invocations=3 (full 0):
 garbage-first heap   total 98304K, used 10719K [0x00000000a3800000, 0x0000000100000000)
  region size 1024K, 7 young (7168K), 7 survivors (7168K)
 Metaspace       used 19880K, capacity 20979K, committed 21248K, reserved 1069056K
  class space    used 2314K, capacity 2535K, committed 2560K, reserved 1048576K
}
Event: 14.454 GC heap before
{Heap before GC invocations=4 (full 0):
 garbage-first heap   total 98304K, used 60895K [0x00000000a3800000, 0x0000000100000000)
  region size 1024K, 56 young (57344K), 7 survivors (7168K)
 Metaspace       used 22966K, capacity 23676K, committed 23936K, reserved 1071104K
  class space    used 2601K, capacity 2835K, committed 2944K, reserved 1048576K
}
Event: 14.527 GC heap after
{Heap after GC invocations=5 (full 0):
 garbage-first heap   total 98304K, used 14362K [0x00000000a3800000, 0x0000000100000000)
  region size 1024K, 7 young (7168K), 7 survivors (7168K)
 Metaspace       used 22966K, capacity 23676K, committed 23936K, reserved 1071104K
  class space    used 2601K, capacity 2835K, committed 2944K, reserved 1048576K
}
Event: 17.452 GC heap before
{Heap before GC invocations=5 (full 0):
 garbage-first heap   total 98304K, used 64538K [0x00000000a3800000, 0x0000000100000000)
  region size 1024K, 56 young (57344K), 7 survivors (7168K)
 Metaspace       used 27127K, capacity 28037K, committed 28288K, reserved 1075200K
  class space    used 3109K, capacity 3443K, committed 3456K, reserved 1048576K
}
Event: 17.515 GC heap after
{Heap after GC invocations=6 (full 0):
 garbage-first heap   total 122880K, used 19152K [0x00000000a3800000, 0x0000000100000000)
  region size 1024K, 5 young (5120K), 5 survivors (5120K)
 Metaspace       used 27127K, capacity 28037K, committed 28288K, reserved 1075200K
  class space    used 3109K, capacity 3443K, committed 3456K, reserved 1048576K
}

